<?xml version="1.0" encoding="UTF-8"?>
<testng-results skipped="0" failed="0" ignored="0" total="0" passed="0">
  <reporter-output>
  </reporter-output>
  <suite name="Suite" duration-ms="17475" started-at="2018-11-18T17:06:51Z" finished-at="2018-11-18T17:07:08Z">
    <groups>
    </groups>
    <test name="Test" duration-ms="17475" started-at="2018-11-18T17:06:51Z" finished-at="2018-11-18T17:07:08Z">
      <class name="com.amazon.Login.LoginPage">
        <test-method status="PASS" signature="init()[pri:0, instance:com.amazon.Login.LoginPage@6767c1fc]" name="init" is-config="true" duration-ms="17459" started-at="2018-11-18T22:36:51Z" finished-at="2018-11-18T22:37:08Z">
          <reporter-output>
          </reporter-output>
        </test-method> <!-- init -->
      </class> <!-- com.amazon.Login.LoginPage -->
    </test> <!-- Test -->
  </suite> <!-- Suite -->
</testng-results>
